
[2025-05-03 13:08:11] Starting update_env_secret.ps1 script.
[2025-05-03 13:08:11] .env file found. Reading contents.
[2025-05-03 13:08:11] Current .env SHA256: 
[2025-05-03 13:08:11] ❌ Failed to update GitHub secret. The term 'gh' is not recognized as the name of a cmdlet, function, script file, or operable program. Check the spelling of the name, or if a path was included, verify that the path is correct and try again.
[2025-05-03 13:09:02] Starting update_env_secret.ps1 script.
[2025-05-03 13:09:02] .env file found. Reading contents.
[2025-05-03 13:09:02] Current .env SHA256: 77F2304EB49BB336F3374D83C538FB0138A4E7704488680AF00418682B2DA1AB
[2025-05-03 13:09:02] ❌ Failed to update GitHub secret. The term 'gh' is not recognized as the name of a cmdlet, function, script file, or operable program. Check the spelling of the name, or if a path was included, verify that the path is correct and try again.
[2025-05-03 13:10:30] Starting update_env_secret.ps1 script.
[2025-05-03 13:10:30] .env file found. Reading contents.
[2025-05-03 13:10:30] Current .env SHA256: 77F2304EB49BB336F3374D83C538FB0138A4E7704488680AF00418682B2DA1AB
[2025-05-03 13:10:30] ✅ Updated GitHub secret 'ENV_CONTENTS' with latest .env contents. SHA256: 77F2304EB49BB336F3374D83C538FB0138A4E7704488680AF00418682B2DA1AB
[2025-05-03 13:12:28] Starting update_env_secret.ps1 script.
[2025-05-03 13:12:28] .env file found. Reading contents.
[2025-05-03 13:12:28] Current .env SHA256: F81574A97AB8E14E05FC128E0376E219F57F617FB78933D18DA5CB6A747961D4
[2025-05-03 13:12:28] ✅ Updated GitHub secret 'ENV_CONTENTS' with latest .env contents. SHA256: F81574A97AB8E14E05FC128E0376E219F57F617FB78933D18DA5CB6A747961D4
[2025-05-03 13:16:17] Starting update_env_secret.ps1 script.
[2025-05-03 13:16:17] .env file found. Reading contents.
[2025-05-03 13:16:17] Current .env SHA256: F81574A97AB8E14E05FC128E0376E219F57F617FB78933D18DA5CB6A747961D4
[2025-05-03 13:16:18] ✅ Updated GitHub secret 'ENV_CONTENTS' with latest .env contents. SHA256: F81574A97AB8E14E05FC128E0376E219F57F617FB78933D18DA5CB6A747961D4
[2025-05-03 13:21:55] Starting update_env_secret.ps1 script.
[2025-05-03 13:21:55] .env file found. Reading contents.
[2025-05-03 13:21:55] Current .env SHA256: 126CDE7589CB3FC757D1BB22655BBD23756C612B32120737D1457DBE77CBBD63
[2025-05-03 13:21:55] ✅ Updated GitHub secret 'ENV_CONTENTS' with latest .env contents. SHA256: 126CDE7589CB3FC757D1BB22655BBD23756C612B32120737D1457DBE77CBBD63
[2025-05-03 13:26:14] Starting update_env_secret.ps1 script.
[2025-05-03 13:26:14] .env file found. Reading contents.
[2025-05-03 13:26:14] Current .env SHA256: ADDCF21ABAF6329F3C35AD79C0EC5D1853C109B914CD07FAAF749ED85561F4BA
[2025-05-03 13:26:15] ✅ Updated GitHub secret 'ENV_CONTENTS' with latest .env contents. SHA256: ADDCF21ABAF6329F3C35AD79C0EC5D1853C109B914CD07FAAF749ED85561F4BA
